<?xml version="1.0" encoding="UTF-8"?>
<testsuites name="jest tests" tests="1" failures="0" errors="0" time="28.834">
  <testsuite name="test block service" errors="0" failures="0" skipped="0" timestamp="2022-03-24T19:22:40" time="23.096" tests="1">
    <testcase classname="test block service receive number 10 param to get fetch" name="test block service receive number 10 param to get fetch" time="1.081">
    </testcase>
  </testsuite>
</testsuites>