<?xml version="1.0" encoding="UTF-8"?>
<testsuites name="jest tests" tests="12" failures="0" errors="0" time="29.645">
  <testsuite name="blockByHeight function- suite test block service" errors="0" failures="0" skipped="11" timestamp="2022-04-04T22:16:39" time="24.084" tests="12">
    <testcase classname="blockByHeight function- suite test block service blockByHeight - block testing error, passing -1 number" name="blockByHeight function- suite test block service blockByHeight - block testing error, passing -1 number" time="0">
      <skipped/>
    </testcase>
    <testcase classname="blockByHeight function- suite test block service blockbyHeight - block testing error, passing i32Max " name="blockByHeight function- suite test block service blockbyHeight - block testing error, passing i32Max " time="0">
      <skipped/>
    </testcase>
    <testcase classname="blockByHeight function- suite test block service blockByHeight- receive number 10 param to get fetch" name="blockByHeight function- suite test block service blockByHeight- receive number 10 param to get fetch" time="0">
      <skipped/>
    </testcase>
    <testcase classname="blockByHeight function- suite test block service blockByHeight - block testing error, passing -100 number" name="blockByHeight function- suite test block service blockByHeight - block testing error, passing -100 number" time="0">
      <skipped/>
    </testcase>
    <testcase classname="blockHeight function - suite test block service blockHeight - see height block from node " name="blockHeight function - suite test block service blockHeight - see height block from node " time="0">
      <skipped/>
    </testcase>
    <testcase classname="blockAverageDelay function - suite test block service blockAverageDelay - see Average delay " name="blockAverageDelay function - suite test block service blockAverageDelay - see Average delay " time="0">
      <skipped/>
    </testcase>
    <testcase classname="blockAverageDelay function - suite test block service blockAverageDelay - blockNum &gt;9 error " name="blockAverageDelay function - suite test block service blockAverageDelay - blockNum &gt;9 error " time="0">
      <skipped/>
    </testcase>
    <testcase classname="blockSeq function - suite test block service blockSeq - Get block at specified heights " name="blockSeq function - suite test block service blockSeq - Get block at specified heights " time="0">
      <skipped/>
    </testcase>
    <testcase classname="blockSeq function - suite test block service blockSeq - from &gt; to error " name="blockSeq function - suite test block service blockSeq - from &gt; to error " time="0">
      <skipped/>
    </testcase>
    <testcase classname="blockSeq function - suite test block service blockSeq - big sequences " name="blockSeq function - suite test block service blockSeq - big sequences " time="0">
      <skipped/>
    </testcase>
    <testcase classname="blockSeq function - suite test block service blockSeq - max === false " name="blockSeq function - suite test block service blockSeq - max === false " time="0">
      <skipped/>
    </testcase>
    <testcase classname="blockLast function - suite test block service Get last block data " name="blockLast function - suite test block service Get last block data " time="1.218">
    </testcase>
  </testsuite>
</testsuites>