<?xml version="1.0" encoding="UTF-8"?>
<testsuites name="jest tests" tests="10" failures="0" errors="0" time="30.272">
  <testsuite name="test block service" errors="0" failures="0" skipped="9" timestamp="2022-03-25T13:44:15" time="24.473" tests="10">
    <testcase classname="test block service receive number 10 param to get fetch" name="test block service receive number 10 param to get fetch" time="0">
      <skipped/>
    </testcase>
    <testcase classname="test block service see height block from node " name="test block service see height block from node " time="0">
      <skipped/>
    </testcase>
    <testcase classname="test block service see Average delay " name="test block service see Average delay " time="0">
      <skipped/>
    </testcase>
    <testcase classname="test block service Get block at specified heights " name="test block service Get block at specified heights " time="0">
      <skipped/>
    </testcase>
    <testcase classname="test block service Get last block data " name="test block service Get last block data " time="0">
      <skipped/>
    </testcase>
    <testcase classname="test block service Get children of specified block " name="test block service Get children of specified block " time="0">
      <skipped/>
    </testcase>
    <testcase classname="test block service Get height of a block by its Base58-encoded signature " name="test block service Get height of a block by its Base58-encoded signature " time="0">
      <skipped/>
    </testcase>
    <testcase classname="test block service Get block at specified height without transactions payload " name="test block service Get block at specified height without transactions payload " time="0">
      <skipped/>
    </testcase>
    <testcase classname="test block service blockSeqHeaderOnly test " name="test block service blockSeqHeaderOnly test " time="0">
      <skipped/>
    </testcase>
    <testcase classname="test block service blockLastHeaderOnly test " name="test block service blockLastHeaderOnly test " time="1.093">
    </testcase>
  </testsuite>
</testsuites>