<?xml version="1.0" encoding="UTF-8"?>
<testsuites name="jest tests" tests="21" failures="0" errors="0" time="34.573">
  <testsuite name="blockByHeight function- suite test block service" errors="0" failures="0" skipped="18" timestamp="2022-04-06T21:45:57" time="27.636" tests="21">
    <testcase classname="blockByHeight function- suite test block service blockByHeight - block testing error, passing -1 number" name="blockByHeight function- suite test block service blockByHeight - block testing error, passing -1 number" time="0">
      <skipped/>
    </testcase>
    <testcase classname="blockByHeight function- suite test block service blockbyHeight - block testing error, passing i32Max " name="blockByHeight function- suite test block service blockbyHeight - block testing error, passing i32Max " time="0">
      <skipped/>
    </testcase>
    <testcase classname="blockByHeight function- suite test block service blockByHeight- receive number 10 param to get fetch" name="blockByHeight function- suite test block service blockByHeight- receive number 10 param to get fetch" time="0">
      <skipped/>
    </testcase>
    <testcase classname="blockByHeight function- suite test block service blockByHeight - block testing error, passing -100 number" name="blockByHeight function- suite test block service blockByHeight - block testing error, passing -100 number" time="0">
      <skipped/>
    </testcase>
    <testcase classname="blockHeight function - suite test block service blockHeight - see height block from node " name="blockHeight function - suite test block service blockHeight - see height block from node " time="0">
      <skipped/>
    </testcase>
    <testcase classname="blockAverageDelay function - suite test block service blockAverageDelay - see Average delay " name="blockAverageDelay function - suite test block service blockAverageDelay - see Average delay " time="0">
      <skipped/>
    </testcase>
    <testcase classname="blockAverageDelay function - suite test block service blockAverageDelay - blockNum &gt;9 error " name="blockAverageDelay function - suite test block service blockAverageDelay - blockNum &gt;9 error " time="0">
      <skipped/>
    </testcase>
    <testcase classname="blockSeq function - suite test block service blockSeq - Get block at specified heights " name="blockSeq function - suite test block service blockSeq - Get block at specified heights " time="0">
      <skipped/>
    </testcase>
    <testcase classname="blockSeq function - suite test block service blockSeq - from &gt; to error " name="blockSeq function - suite test block service blockSeq - from &gt; to error " time="0">
      <skipped/>
    </testcase>
    <testcase classname="blockSeq function - suite test block service blockSeq - big sequences " name="blockSeq function - suite test block service blockSeq - big sequences " time="0">
      <skipped/>
    </testcase>
    <testcase classname="blockSeq function - suite test block service blockSeq - max === false " name="blockSeq function - suite test block service blockSeq - max === false " time="0">
      <skipped/>
    </testcase>
    <testcase classname="blockLast function - suite test block service blockLast - Get last block data " name="blockLast function - suite test block service blockLast - Get last block data " time="0">
      <skipped/>
    </testcase>
    <testcase classname="blockChild function - suite test block service blockChild - Get children of specified block " name="blockChild function - suite test block service blockChild - Get children of specified block " time="0">
      <skipped/>
    </testcase>
    <testcase classname="blockChild function - suite test block service blockChild - error 404 " name="blockChild function - suite test block service blockChild - error 404 " time="0">
      <skipped/>
    </testcase>
    <testcase classname="blockHeightEncoded function - suite test block service blockHeightEncoded - Get height of a block by its Base58-encoded signature " name="blockHeightEncoded function - suite test block service blockHeightEncoded - Get height of a block by its Base58-encoded signature " time="0">
      <skipped/>
    </testcase>
    <testcase classname="blockHeightEncoded function - suite test block service blockHeightEncoded - error 404 " name="blockHeightEncoded function - suite test block service blockHeightEncoded - error 404 " time="0">
      <skipped/>
    </testcase>
    <testcase classname="blockAtHeaderOnly function - suite test block service blockAtHeaderOnly - Get block at specified height without transactions payload " name="blockAtHeaderOnly function - suite test block service blockAtHeaderOnly - Get block at specified height without transactions payload " time="0">
      <skipped/>
    </testcase>
    <testcase classname="blockAtHeaderOnly function - suite test block service blockAtHeaderOnly - error 404 " name="blockAtHeaderOnly function - suite test block service blockAtHeaderOnly - error 404 " time="0">
      <skipped/>
    </testcase>
    <testcase classname="blockSeqHeaderOnly function - suite test block service  blockSeqHeaderOnly test " name="blockSeqHeaderOnly function - suite test block service  blockSeqHeaderOnly test " time="1.397">
    </testcase>
    <testcase classname="blockSeqHeaderOnly function - suite test block service  blockSeqHeaderOnly - error from &gt; to " name="blockSeqHeaderOnly function - suite test block service  blockSeqHeaderOnly - error from &gt; to " time="0.004">
    </testcase>
    <testcase classname="blockSeqHeaderOnly function - suite test block service  blockSeqHeaderOnly - Max === false " name="blockSeqHeaderOnly function - suite test block service  blockSeqHeaderOnly - Max === false " time="0.003">
    </testcase>
  </testsuite>
</testsuites>