<?xml version="1.0" encoding="UTF-8"?>
<testsuites name="jest tests" tests="103" failures="0" errors="0" time="2.137">
  <testsuite name="Create Wallet from New Seed" errors="0" failures="0" skipped="0" timestamp="2022-04-22T13:55:48" time="1.859" tests="92">
    <testcase classname="Create Wallet from New Seed The seed should be list of worlds multiple of 3" name="Create Wallet from New Seed The seed should be list of worlds multiple of 3" time="0.005">
    </testcase>
    <testcase classname="Create Wallet from New Seed The seed should be list of worlds multiple of 3" name="Create Wallet from New Seed The seed should be list of worlds multiple of 3" time="0.007">
    </testcase>
    <testcase classname="Create Wallet from New Seed The seed should be list of worlds multiple of 3" name="Create Wallet from New Seed The seed should be list of worlds multiple of 3" time="0.004">
    </testcase>
    <testcase classname="Create Wallet from New Seed The seed should be list of worlds multiple of 3" name="Create Wallet from New Seed The seed should be list of worlds multiple of 3" time="0.003">
    </testcase>
    <testcase classname="Create Wallet from New Seed The seed should be list of worlds multiple of 3" name="Create Wallet from New Seed The seed should be list of worlds multiple of 3" time="0.003">
    </testcase>
    <testcase classname="Create Wallet from New Seed The seed should be list of worlds multiple of 3" name="Create Wallet from New Seed The seed should be list of worlds multiple of 3" time="0.004">
    </testcase>
    <testcase classname="Create Wallet from New Seed The seed should be list of worlds multiple of 3" name="Create Wallet from New Seed The seed should be list of worlds multiple of 3" time="0.004">
    </testcase>
    <testcase classname="Create Wallet from New Seed The seed should be list of worlds multiple of 3" name="Create Wallet from New Seed The seed should be list of worlds multiple of 3" time="0">
    </testcase>
    <testcase classname="Create Wallet from New Seed The seed should be list of worlds multiple of 3" name="Create Wallet from New Seed The seed should be list of worlds multiple of 3" time="0">
    </testcase>
    <testcase classname="Create Wallet from New Seed The seed should be list of worlds multiple of 3" name="Create Wallet from New Seed The seed should be list of worlds multiple of 3" time="0.001">
    </testcase>
    <testcase classname="Create Wallet from New Seed The seed should be list of worlds multiple of 3" name="Create Wallet from New Seed The seed should be list of worlds multiple of 3" time="0">
    </testcase>
    <testcase classname="Create Wallet from New Seed The seed should be list of worlds multiple of 3" name="Create Wallet from New Seed The seed should be list of worlds multiple of 3" time="0">
    </testcase>
    <testcase classname="Create Wallet from New Seed The seed should be list of worlds multiple of 3" name="Create Wallet from New Seed The seed should be list of worlds multiple of 3" time="0.001">
    </testcase>
    <testcase classname="Create Wallet from New Seed The seed should be list of worlds multiple of 3" name="Create Wallet from New Seed The seed should be list of worlds multiple of 3" time="0">
    </testcase>
    <testcase classname="Create Wallet from New Seed The seed should be list of worlds multiple of 3" name="Create Wallet from New Seed The seed should be list of worlds multiple of 3" time="0">
    </testcase>
    <testcase classname="Create Wallet from New Seed The seed should be list of worlds multiple of 3" name="Create Wallet from New Seed The seed should be list of worlds multiple of 3" time="0">
    </testcase>
    <testcase classname="Create Wallet from New Seed The seed should be list of worlds multiple of 3" name="Create Wallet from New Seed The seed should be list of worlds multiple of 3" time="0.001">
    </testcase>
    <testcase classname="Create Wallet from New Seed The seed should be list of worlds multiple of 3" name="Create Wallet from New Seed The seed should be list of worlds multiple of 3" time="0">
    </testcase>
    <testcase classname="Create Wallet from Seed Test Create Mainnet Wallet from seed" name="Create Wallet from Seed Test Create Mainnet Wallet from seed" time="0.004">
    </testcase>
    <testcase classname="Create Wallet from Seed Test Create Testnet Wallet from seed" name="Create Wallet from Seed Test Create Testnet Wallet from seed" time="0.003">
    </testcase>
    <testcase classname="Create Wallet from Seed Test Create Mainnet Wallet with range of nonces" name="Create Wallet from Seed Test Create Mainnet Wallet with range of nonces" time="0.004">
    </testcase>
    <testcase classname="Create Wallet from Seed Test Create Mainnet Wallet with range of nonces" name="Create Wallet from Seed Test Create Mainnet Wallet with range of nonces" time="0.004">
    </testcase>
    <testcase classname="Create Wallet from Seed Test Create Mainnet Wallet with range of nonces" name="Create Wallet from Seed Test Create Mainnet Wallet with range of nonces" time="0.003">
    </testcase>
    <testcase classname="Create Wallet from Seed Test Create Mainnet Wallet with range of nonces" name="Create Wallet from Seed Test Create Mainnet Wallet with range of nonces" time="0.004">
    </testcase>
    <testcase classname="Create Wallet from Seed Test Create Mainnet Wallet with range of nonces" name="Create Wallet from Seed Test Create Mainnet Wallet with range of nonces" time="0.004">
    </testcase>
    <testcase classname="Create Wallet from Seed Test Create Testnet Wallet with range of nonces" name="Create Wallet from Seed Test Create Testnet Wallet with range of nonces" time="0.003">
    </testcase>
    <testcase classname="Create Wallet from Seed Test Create Testnet Wallet with range of nonces" name="Create Wallet from Seed Test Create Testnet Wallet with range of nonces" time="0.004">
    </testcase>
    <testcase classname="Create Wallet from Seed Test Create Testnet Wallet with range of nonces" name="Create Wallet from Seed Test Create Testnet Wallet with range of nonces" time="0.004">
    </testcase>
    <testcase classname="Create Wallet from Seed Test Create Testnet Wallet with range of nonces" name="Create Wallet from Seed Test Create Testnet Wallet with range of nonces" time="0.003">
    </testcase>
    <testcase classname="Create Wallet from Seed Test Create Testnet Wallet with range of nonces" name="Create Wallet from Seed Test Create Testnet Wallet with range of nonces" time="0.004">
    </testcase>
    <testcase classname="Create Wallet from Private Key Test Create Mainnet Wallet from Private Key" name="Create Wallet from Private Key Test Create Mainnet Wallet from Private Key" time="0.002">
    </testcase>
    <testcase classname="Create Wallet from Private Key Test Create Testnet Wallet from Private Key" name="Create Wallet from Private Key Test Create Testnet Wallet from Private Key" time="0.002">
    </testcase>
    <testcase classname="Validate Wallet Address Test Validating Mainnet Wallet Address" name="Validate Wallet Address Test Validating Mainnet Wallet Address" time="0">
    </testcase>
    <testcase classname="Validate Wallet Address Test Validating Mainnet Wallet Address" name="Validate Wallet Address Test Validating Mainnet Wallet Address" time="0">
    </testcase>
    <testcase classname="Validate Wallet Address Test Validating Mainnet Wallet Address" name="Validate Wallet Address Test Validating Mainnet Wallet Address" time="0">
    </testcase>
    <testcase classname="Validate Wallet Address Test Validating Mainnet Wallet Address" name="Validate Wallet Address Test Validating Mainnet Wallet Address" time="0">
    </testcase>
    <testcase classname="Validate Wallet Address Test Validating Mainnet Wallet Address" name="Validate Wallet Address Test Validating Mainnet Wallet Address" time="0">
    </testcase>
    <testcase classname="Validate Wallet Address Test Validating Mainnet Wallet Address" name="Validate Wallet Address Test Validating Mainnet Wallet Address" time="0">
    </testcase>
    <testcase classname="Validate Wallet Address Test Validating Mainnet Wallet Address" name="Validate Wallet Address Test Validating Mainnet Wallet Address" time="0">
    </testcase>
    <testcase classname="Validate Wallet Address Test Validating Mainnet Wallet Address" name="Validate Wallet Address Test Validating Mainnet Wallet Address" time="0">
    </testcase>
    <testcase classname="Validate Wallet Address Test Validating Mainnet Wallet Address" name="Validate Wallet Address Test Validating Mainnet Wallet Address" time="0">
    </testcase>
    <testcase classname="Validate Wallet Address Test Validating Mainnet Wallet Address" name="Validate Wallet Address Test Validating Mainnet Wallet Address" time="0">
    </testcase>
    <testcase classname="Validate Wallet Address Test Validating Mainnet Wallet Address" name="Validate Wallet Address Test Validating Mainnet Wallet Address" time="0">
    </testcase>
    <testcase classname="Validate Wallet Address Test Validating Mainnet Wallet Address" name="Validate Wallet Address Test Validating Mainnet Wallet Address" time="0.001">
    </testcase>
    <testcase classname="Validate Wallet Address Test Validating Mainnet Wallet Address" name="Validate Wallet Address Test Validating Mainnet Wallet Address" time="0">
    </testcase>
    <testcase classname="Validate Wallet Address Test Validating Mainnet Wallet Address" name="Validate Wallet Address Test Validating Mainnet Wallet Address" time="0">
    </testcase>
    <testcase classname="Validate Wallet Address Test Validating Mainnet Wallet Address" name="Validate Wallet Address Test Validating Mainnet Wallet Address" time="0">
    </testcase>
    <testcase classname="Validate Wallet Address Test Validating Mainnet Wallet Address" name="Validate Wallet Address Test Validating Mainnet Wallet Address" time="0">
    </testcase>
    <testcase classname="Validate Wallet Address Test Validating Mainnet Wallet Address" name="Validate Wallet Address Test Validating Mainnet Wallet Address" time="0">
    </testcase>
    <testcase classname="Validate Wallet Address Test Validating Mainnet Wallet Address" name="Validate Wallet Address Test Validating Mainnet Wallet Address" time="0">
    </testcase>
    <testcase classname="Validate Wallet Address Test Validating Mainnet Wallet Address" name="Validate Wallet Address Test Validating Mainnet Wallet Address" time="0">
    </testcase>
    <testcase classname="Validate Wallet Address Test Validating Mainnet Wallet Address" name="Validate Wallet Address Test Validating Mainnet Wallet Address" time="0">
    </testcase>
    <testcase classname="Validate Wallet Address Test Validating Testnet Wallet Address" name="Validate Wallet Address Test Validating Testnet Wallet Address" time="0">
    </testcase>
    <testcase classname="Validate Wallet Address Test Validating Testnet Wallet Address" name="Validate Wallet Address Test Validating Testnet Wallet Address" time="0">
    </testcase>
    <testcase classname="Validate Wallet Address Test Validating Testnet Wallet Address" name="Validate Wallet Address Test Validating Testnet Wallet Address" time="0">
    </testcase>
    <testcase classname="Validate Wallet Address Test Validating Testnet Wallet Address" name="Validate Wallet Address Test Validating Testnet Wallet Address" time="0">
    </testcase>
    <testcase classname="Validate Wallet Address Test Validating Testnet Wallet Address" name="Validate Wallet Address Test Validating Testnet Wallet Address" time="0">
    </testcase>
    <testcase classname="Validate Wallet Address Test Validating Testnet Wallet Address" name="Validate Wallet Address Test Validating Testnet Wallet Address" time="0">
    </testcase>
    <testcase classname="Validate Wallet Address Test Validating Testnet Wallet Address" name="Validate Wallet Address Test Validating Testnet Wallet Address" time="0">
    </testcase>
    <testcase classname="Validate Wallet Address Test Validating Testnet Wallet Address" name="Validate Wallet Address Test Validating Testnet Wallet Address" time="0">
    </testcase>
    <testcase classname="Validate Wallet Address Test Validating Testnet Wallet Address" name="Validate Wallet Address Test Validating Testnet Wallet Address" time="0">
    </testcase>
    <testcase classname="Validate Wallet Address Test Validating Testnet Wallet Address" name="Validate Wallet Address Test Validating Testnet Wallet Address" time="0">
    </testcase>
    <testcase classname="Validate Wallet Address Test Validating Testnet Wallet Address" name="Validate Wallet Address Test Validating Testnet Wallet Address" time="0">
    </testcase>
    <testcase classname="Validate Wallet Address Test Validating Testnet Wallet Address" name="Validate Wallet Address Test Validating Testnet Wallet Address" time="0">
    </testcase>
    <testcase classname="Validate Wallet Address Test Validating Testnet Wallet Address" name="Validate Wallet Address Test Validating Testnet Wallet Address" time="0">
    </testcase>
    <testcase classname="Validate Wallet Address Test Validating Testnet Wallet Address" name="Validate Wallet Address Test Validating Testnet Wallet Address" time="0">
    </testcase>
    <testcase classname="Validate Wallet Address Test Validating Testnet Wallet Address" name="Validate Wallet Address Test Validating Testnet Wallet Address" time="0">
    </testcase>
    <testcase classname="Validate Wallet Address Test Validating Testnet Wallet Address" name="Validate Wallet Address Test Validating Testnet Wallet Address" time="0">
    </testcase>
    <testcase classname="Validate Wallet Address Test Validating Testnet Wallet Address" name="Validate Wallet Address Test Validating Testnet Wallet Address" time="0">
    </testcase>
    <testcase classname="Validate Wallet Address Test Validating Testnet Wallet Address" name="Validate Wallet Address Test Validating Testnet Wallet Address" time="0">
    </testcase>
    <testcase classname="Validate Wallet Address Test Validating Testnet Wallet Address" name="Validate Wallet Address Test Validating Testnet Wallet Address" time="0">
    </testcase>
    <testcase classname="Validate Wallet Address Test Validating Testnet Wallet Address" name="Validate Wallet Address Test Validating Testnet Wallet Address" time="0">
    </testcase>
    <testcase classname="Create Signatures Test sign and validate signatures for Mainnet random Wallet with FastSignature function" name="Create Signatures Test sign and validate signatures for Mainnet random Wallet with FastSignature function" time="0.017">
    </testcase>
    <testcase classname="Create Signatures Test sign and validate signatures for Mainnet random Wallet with FastSignature function" name="Create Signatures Test sign and validate signatures for Mainnet random Wallet with FastSignature function" time="0.017">
    </testcase>
    <testcase classname="Create Signatures Test sign and validate signatures for Mainnet random Wallet with FastSignature function" name="Create Signatures Test sign and validate signatures for Mainnet random Wallet with FastSignature function" time="0.017">
    </testcase>
    <testcase classname="Create Signatures Test sign and validate signatures for Mainnet random Wallet with FastSignature function" name="Create Signatures Test sign and validate signatures for Mainnet random Wallet with FastSignature function" time="0.021">
    </testcase>
    <testcase classname="Create Signatures Test sign and validate signatures for Mainnet random Wallet with FastSignature function" name="Create Signatures Test sign and validate signatures for Mainnet random Wallet with FastSignature function" time="0.017">
    </testcase>
    <testcase classname="Create Signatures Test sign and validate signatures for Testnet random Wallet with FastSignature function" name="Create Signatures Test sign and validate signatures for Testnet random Wallet with FastSignature function" time="0.017">
    </testcase>
    <testcase classname="Create Signatures Test sign and validate signatures for Testnet random Wallet with FastSignature function" name="Create Signatures Test sign and validate signatures for Testnet random Wallet with FastSignature function" time="0.016">
    </testcase>
    <testcase classname="Create Signatures Test sign and validate signatures for Testnet random Wallet with FastSignature function" name="Create Signatures Test sign and validate signatures for Testnet random Wallet with FastSignature function" time="0.018">
    </testcase>
    <testcase classname="Create Signatures Test sign and validate signatures for Testnet random Wallet with FastSignature function" name="Create Signatures Test sign and validate signatures for Testnet random Wallet with FastSignature function" time="0.017">
    </testcase>
    <testcase classname="Create Signatures Test sign and validate signatures for Testnet random Wallet with FastSignature function" name="Create Signatures Test sign and validate signatures for Testnet random Wallet with FastSignature function" time="0.017">
    </testcase>
    <testcase classname="Create Signatures Test sign and validate signatures for Mainnet random Wallet with FullSignature function" name="Create Signatures Test sign and validate signatures for Mainnet random Wallet with FullSignature function" time="0.017">
    </testcase>
    <testcase classname="Create Signatures Test sign and validate signatures for Mainnet random Wallet with FullSignature function" name="Create Signatures Test sign and validate signatures for Mainnet random Wallet with FullSignature function" time="0.016">
    </testcase>
    <testcase classname="Create Signatures Test sign and validate signatures for Mainnet random Wallet with FullSignature function" name="Create Signatures Test sign and validate signatures for Mainnet random Wallet with FullSignature function" time="0.018">
    </testcase>
    <testcase classname="Create Signatures Test sign and validate signatures for Mainnet random Wallet with FullSignature function" name="Create Signatures Test sign and validate signatures for Mainnet random Wallet with FullSignature function" time="0.016">
    </testcase>
    <testcase classname="Create Signatures Test sign and validate signatures for Mainnet random Wallet with FullSignature function" name="Create Signatures Test sign and validate signatures for Mainnet random Wallet with FullSignature function" time="0.018">
    </testcase>
    <testcase classname="Create Signatures Test sign and validate signatures for Testnet random Wallet with FullSignature function" name="Create Signatures Test sign and validate signatures for Testnet random Wallet with FullSignature function" time="0.017">
    </testcase>
    <testcase classname="Create Signatures Test sign and validate signatures for Testnet random Wallet with FullSignature function" name="Create Signatures Test sign and validate signatures for Testnet random Wallet with FullSignature function" time="0.017">
    </testcase>
    <testcase classname="Create Signatures Test sign and validate signatures for Testnet random Wallet with FullSignature function" name="Create Signatures Test sign and validate signatures for Testnet random Wallet with FullSignature function" time="0.017">
    </testcase>
    <testcase classname="Create Signatures Test sign and validate signatures for Testnet random Wallet with FullSignature function" name="Create Signatures Test sign and validate signatures for Testnet random Wallet with FullSignature function" time="0.017">
    </testcase>
    <testcase classname="Create Signatures Test sign and validate signatures for Testnet random Wallet with FullSignature function" name="Create Signatures Test sign and validate signatures for Testnet random Wallet with FullSignature function" time="0.017">
    </testcase>
  </testsuite>
  <testsuite name="Test Transfer Token" errors="0" failures="0" skipped="0" timestamp="2022-04-22T13:55:48" time="1.964" tests="8">
    <testcase classname="Test Transfer Token Test Create Transfer Token" name="Test Transfer Token Test Create Transfer Token" time="0.001">
    </testcase>
    <testcase classname="Test Transfer Token Test Create Ivalid Transfer Token by 
[testing amount]" name="Test Transfer Token Test Create Ivalid Transfer Token by 
[testing amount]" time="0.006">
    </testcase>
    <testcase classname="Test Transfer Token Test Create Ivalid Transfer Token by 
[testing timestamp]" name="Test Transfer Token Test Create Ivalid Transfer Token by 
[testing timestamp]" time="0.001">
    </testcase>
    <testcase classname="Test Transfer Token Test Create Ivalid Transfer Token by 
[testing fee]" name="Test Transfer Token Test Create Ivalid Transfer Token by 
[testing fee]" time="0">
    </testcase>
    <testcase classname="Test Transfer Token Test Create Ivalid Transfer Token by 
[testing diff address, Mainnet | Testnet]" name="Test Transfer Token Test Create Ivalid Transfer Token by 
[testing diff address, Mainnet | Testnet]" time="0">
    </testcase>
    <testcase classname="Test Transfer Token Test Create Ivalid Transfer Token by 
[testing diff address, Testnet | Mainnet]" name="Test Transfer Token Test Create Ivalid Transfer Token by 
[testing diff address, Testnet | Mainnet]" time="0.001">
    </testcase>
    <testcase classname="Test Transfer Token Test Signature of Transfer Token" name="Test Transfer Token Test Signature of Transfer Token" time="0.016">
    </testcase>
    <testcase classname="Test Transfer Token Test Broadcast of Transfer Token" name="Test Transfer Token Test Broadcast of Transfer Token" time="0.669">
    </testcase>
  </testsuite>
  <testsuite name="blockByHeight function- suite test block service" errors="0" failures="0" skipped="0" timestamp="2022-04-22T13:55:48" time="1.962" tests="3">
    <testcase classname="blockByHeight function- suite test block service blockByHeight - block testing error, passing -1 number" name="blockByHeight function- suite test block service blockByHeight - block testing error, passing -1 number" time="0.002">
    </testcase>
    <testcase classname="blockByHeight function- suite test block service blockbyHeight - block testing error, passing i32Max " name="blockByHeight function- suite test block service blockbyHeight - block testing error, passing i32Max " time="0">
    </testcase>
    <testcase classname="blockByHeight function- suite test block service blockByHeight- receive number 10 param to get fetch" name="blockByHeight function- suite test block service blockByHeight- receive number 10 param to get fetch" time="0.772">
    </testcase>
  </testsuite>
</testsuites>