<?xml version="1.0" encoding="UTF-8"?>
<testsuites name="jest tests" tests="4" failures="0" errors="0" time="27.825">
  <testsuite name="test block service" errors="0" failures="0" skipped="0" timestamp="2022-03-25T03:20:39" time="22.871" tests="4">
    <testcase classname="test block service receive number 10 param to get fetch" name="test block service receive number 10 param to get fetch" time="1.079">
    </testcase>
    <testcase classname="test block service see height block from node " name="test block service see height block from node " time="0.613">
    </testcase>
    <testcase classname="test block service see Average delay " name="test block service see Average delay " time="0.608">
    </testcase>
    <testcase classname="test block service Get block at specified heights " name="test block service Get block at specified heights " time="0.596">
    </testcase>
  </testsuite>
</testsuites>