<?xml version="1.0" encoding="UTF-8"?>
<testsuites name="jest tests" tests="2" failures="0" errors="0" time="21.996">
  <testsuite name="test block service - validation errors" errors="0" failures="0" skipped="1" timestamp="2022-03-31T02:03:43" time="19.368" tests="2">
    <testcase classname="test block service - validation errors blockHeight - block testing error, passing -1 number" name="test block service - validation errors blockHeight - block testing error, passing -1 number" time="0">
      <skipped/>
    </testcase>
    <testcase classname="test block service - validation errors blockHeight - block testing error, passing i32Max " name="test block service - validation errors blockHeight - block testing error, passing i32Max " time="0.014">
    </testcase>
  </testsuite>
</testsuites>